  main.cpp
e:\windmill\windmill\main.cpp(120): warning C4244: '=': conversion from 'double' to 'float', possible loss of data
e:\windmill\windmill\main.cpp(121): warning C4244: 'argument': conversion from 'double' to 'GLfloat', possible loss of data
e:\windmill\windmill\main.cpp(153): warning C4244: 'argument': conversion from 'int' to 'GLfloat', possible loss of data
e:\windmill\windmill\main.cpp(176): warning C4305: 'argument': truncation from 'double' to 'GLfloat'
e:\windmill\windmill\main.cpp(209): warning C4305: 'argument': truncation from 'double' to 'GLfloat'
e:\windmill\windmill\main.cpp(216): warning C4305: 'argument': truncation from 'double' to 'GLfloat'
e:\windmill\windmill\main.cpp(333): warning C4305: 'argument': truncation from 'double' to 'GLfloat'
e:\windmill\windmill\main.cpp(334): warning C4305: 'argument': truncation from 'double' to 'GLfloat'
e:\windmill\windmill\main.cpp(335): warning C4305: 'argument': truncation from 'double' to 'GLfloat'
e:\windmill\windmill\main.cpp(337): warning C4305: 'argument': truncation from 'double' to 'GLfloat'
e:\windmill\windmill\main.cpp(338): warning C4305: 'argument': truncation from 'double' to 'GLfloat'
e:\windmill\windmill\main.cpp(339): warning C4305: 'argument': truncation from 'double' to 'GLfloat'
e:\windmill\windmill\main.cpp(340): warning C4305: 'argument': truncation from 'double' to 'GLfloat'
e:\windmill\windmill\main.cpp(341): warning C4305: 'argument': truncation from 'double' to 'GLfloat'
e:\windmill\windmill\main.cpp(342): warning C4305: 'argument': truncation from 'double' to 'GLfloat'
e:\windmill\windmill\main.cpp(343): warning C4305: 'argument': truncation from 'double' to 'GLfloat'
e:\windmill\windmill\main.cpp(344): warning C4305: 'argument': truncation from 'double' to 'GLfloat'
e:\windmill\windmill\main.cpp(345): warning C4305: 'argument': truncation from 'double' to 'GLfloat'
e:\windmill\windmill\main.cpp(346): warning C4305: 'argument': truncation from 'double' to 'GLfloat'
e:\windmill\windmill\main.cpp(347): warning C4305: 'argument': truncation from 'double' to 'GLfloat'
e:\windmill\windmill\main.cpp(348): warning C4305: 'argument': truncation from 'double' to 'GLfloat'
e:\windmill\windmill\main.cpp(349): warning C4305: 'argument': truncation from 'double' to 'GLfloat'
e:\windmill\windmill\main.cpp(351): warning C4305: 'argument': truncation from 'double' to 'GLfloat'
e:\windmill\windmill\main.cpp(352): warning C4305: 'argument': truncation from 'double' to 'GLfloat'
e:\windmill\windmill\main.cpp(353): warning C4305: 'argument': truncation from 'double' to 'GLfloat'
e:\windmill\windmill\main.cpp(354): warning C4305: 'argument': truncation from 'double' to 'GLfloat'
e:\windmill\windmill\main.cpp(361): warning C4305: 'argument': truncation from 'double' to 'GLclampf'
e:\windmill\windmill\main.cpp(405): warning C4305: 'argument': truncation from 'double' to 'GLfloat'
e:\windmill\windmill\main.cpp(467): warning C4305: 'argument': truncation from 'double' to 'GLfloat'
e:\windmill\windmill\main.cpp(468): warning C4305: 'argument': truncation from 'double' to 'GLfloat'
e:\windmill\windmill\main.cpp(473): warning C4305: 'argument': truncation from 'double' to 'GLfloat'
e:\windmill\windmill\main.cpp(474): warning C4305: 'argument': truncation from 'double' to 'GLfloat'
e:\windmill\windmill\main.cpp(503): warning C4305: 'argument': truncation from 'double' to 'GLfloat'
e:\windmill\windmill\main.cpp(505): warning C4305: 'argument': truncation from 'double' to 'GLfloat'
e:\windmill\windmill\main.cpp(506): warning C4305: 'argument': truncation from 'double' to 'GLfloat'
e:\windmill\windmill\main.cpp(507): warning C4305: 'argument': truncation from 'double' to 'GLfloat'
e:\windmill\windmill\main.cpp(508): warning C4305: 'argument': truncation from 'double' to 'GLfloat'
  Windmill.vcxproj -> E:\Windmill\Debug\Windmill.exe
